2020-08-30 15:24:22.309  INFO 12348 --- [main] com.atguigu.scw.ScwUserApplication       : No active profile set, falling back to default profiles: default
2020-08-30 15:24:22.865  INFO 12348 --- [main] .s.d.r.c.RepositoryConfigurationDelegate : Multiple Spring Data modules found, entering strict repository configuration mode!
2020-08-30 15:24:22.868  INFO 12348 --- [main] .s.d.r.c.RepositoryConfigurationDelegate : Bootstrapping Spring Data Redis repositories in DEFAULT mode.
2020-08-30 15:24:22.893  INFO 12348 --- [main] .s.d.r.c.RepositoryConfigurationDelegate : Finished Spring Data repository scanning in 10ms. Found 0 Redis repository interfaces.
2020-08-30 15:24:23.068  WARN 12348 --- [main] o.m.s.mapper.ClassPathMapperScanner      : No MyBatis mapper was found in '[com.atguigu.scw.user.mapper]' package. Please check your configuration.
2020-08-30 15:24:23.147  INFO 12348 --- [main] o.s.cloud.context.scope.GenericScope     : BeanFactory id=36a8c4dd-df89-3dac-9d55-9b15b77e3d64
2020-08-30 15:24:23.498  INFO 12348 --- [main] o.s.b.w.embedded.tomcat.TomcatWebServer  : Tomcat initialized with port(s): 7000 (http)
2020-08-30 15:24:23.506  INFO 12348 --- [main] o.apache.catalina.core.StandardService   : Starting service [Tomcat]
2020-08-30 15:24:23.506  INFO 12348 --- [main] org.apache.catalina.core.StandardEngine  : Starting Servlet engine: [Apache Tomcat/9.0.37]
2020-08-30 15:24:23.653  INFO 12348 --- [main] o.a.c.c.C.[Tomcat].[localhost].[/]       : Initializing Spring embedded WebApplicationContext
2020-08-30 15:24:23.653  INFO 12348 --- [main] w.s.c.ServletWebServerApplicationContext : Root WebApplicationContext: initialization completed in 1323 ms
2020-08-30 15:24:23.821  WARN 12348 --- [main] c.n.c.sources.URLConfigurationSource     : No URLs will be polled as dynamic configuration sources.
2020-08-30 15:24:23.822  INFO 12348 --- [main] c.n.c.sources.URLConfigurationSource     : To enable URLs as dynamic configuration sources, define System property archaius.configurationSource.additionalUrls or make config.properties available on classpath.
2020-08-30 15:24:23.826  WARN 12348 --- [main] c.n.c.sources.URLConfigurationSource     : No URLs will be polled as dynamic configuration sources.
2020-08-30 15:24:23.826  INFO 12348 --- [main] c.n.c.sources.URLConfigurationSource     : To enable URLs as dynamic configuration sources, define System property archaius.configurationSource.additionalUrls or make config.properties available on classpath.
2020-08-30 15:24:24.096  INFO 12348 --- [main] o.s.s.concurrent.ThreadPoolTaskExecutor  : Initializing ExecutorService 'applicationTaskExecutor'
2020-08-30 15:24:25.511  INFO 12348 --- [main] DiscoveryClientOptionalArgsConfiguration : Eureka HTTP Client uses Jersey
2020-08-30 15:24:26.289  WARN 12348 --- [main] ockingLoadBalancerClientRibbonWarnLogger : You already have RibbonLoadBalancerClient on your classpath. It will be used by default. As Spring Cloud Ribbon is in maintenance mode. We recommend switching to BlockingLoadBalancerClient instead. In order to use it, set the value of `spring.cloud.loadbalancer.ribbon.enabled` to `false` or remove spring-cloud-starter-netflix-ribbon from your project.
2020-08-30 15:24:26.389  INFO 12348 --- [main] o.s.c.n.eureka.InstanceInfoFactory       : Setting initial instance status as: STARTING
2020-08-30 15:24:26.421  INFO 12348 --- [main] com.netflix.discovery.DiscoveryClient    : Initializing Eureka in region us-east-1
2020-08-30 15:24:27.200  INFO 12348 --- [main] c.n.d.provider.DiscoveryJerseyProvider   : Using JSON encoding codec LegacyJacksonJson
2020-08-30 15:24:27.200  INFO 12348 --- [main] c.n.d.provider.DiscoveryJerseyProvider   : Using JSON decoding codec LegacyJacksonJson
2020-08-30 15:24:27.315  INFO 12348 --- [main] c.n.d.provider.DiscoveryJerseyProvider   : Using XML encoding codec XStreamXml
2020-08-30 15:24:27.315  INFO 12348 --- [main] c.n.d.provider.DiscoveryJerseyProvider   : Using XML decoding codec XStreamXml
2020-08-30 15:24:27.494  INFO 12348 --- [main] c.n.d.s.r.aws.ConfigClusterResolver      : Resolving eureka endpoints via configuration
2020-08-30 15:24:27.975  INFO 12348 --- [main] com.netflix.discovery.DiscoveryClient    : Disable delta property : false
2020-08-30 15:24:27.976  INFO 12348 --- [main] com.netflix.discovery.DiscoveryClient    : Single vip registry refresh property : null
2020-08-30 15:24:27.976  INFO 12348 --- [main] com.netflix.discovery.DiscoveryClient    : Force full registry fetch : false
2020-08-30 15:24:27.976  INFO 12348 --- [main] com.netflix.discovery.DiscoveryClient    : Application is null : false
2020-08-30 15:24:27.976  INFO 12348 --- [main] com.netflix.discovery.DiscoveryClient    : Registered Applications size is zero : true
2020-08-30 15:24:27.976  INFO 12348 --- [main] com.netflix.discovery.DiscoveryClient    : Application version is -1: true
2020-08-30 15:24:27.976  INFO 12348 --- [main] com.netflix.discovery.DiscoveryClient    : Getting all instance registry info from the eureka server
2020-08-30 15:24:28.125  INFO 12348 --- [main] com.netflix.discovery.DiscoveryClient    : The response status is 200
2020-08-30 15:24:28.128  INFO 12348 --- [main] com.netflix.discovery.DiscoveryClient    : Starting heartbeat executor: renew interval is: 30
2020-08-30 15:24:28.130  INFO 12348 --- [main] c.n.discovery.InstanceInfoReplicator     : InstanceInfoReplicator onDemand update allowed rate per min is 4
2020-08-30 15:24:28.134  INFO 12348 --- [main] com.netflix.discovery.DiscoveryClient    : Discovery Client initialized at timestamp 1598772268133 with initial instances count: 1
2020-08-30 15:24:28.135  INFO 12348 --- [main] o.s.c.n.e.s.EurekaServiceRegistry        : Registering application SCW-USER with eureka with status UP
2020-08-30 15:24:28.135  INFO 12348 --- [main] com.netflix.discovery.DiscoveryClient    : Saw local status change event StatusChangeEvent [timestamp=1598772268135, current=UP, previous=STARTING]
2020-08-30 15:24:28.137  INFO 12348 --- [DiscoveryClient-InstanceInfoReplicator-0] com.netflix.discovery.DiscoveryClient    : DiscoveryClient_SCW-USER/Archer:SCW-USER:7000: registering service...
2020-08-30 15:24:28.188  INFO 12348 --- [DiscoveryClient-InstanceInfoReplicator-0] com.netflix.discovery.DiscoveryClient    : DiscoveryClient_SCW-USER/Archer:SCW-USER:7000 - registration status: 204
2020-08-30 15:24:28.191  INFO 12348 --- [main] o.s.b.w.embedded.tomcat.TomcatWebServer  : Tomcat started on port(s): 7000 (http) with context path ''
2020-08-30 15:24:28.192  INFO 12348 --- [main] .s.c.n.e.s.EurekaAutoServiceRegistration : Updating port to 7000
2020-08-30 15:24:29.102  INFO 12348 --- [main] com.atguigu.scw.ScwUserApplication       : Started ScwUserApplication in 8.989 seconds (JVM running for 10.152)
2020-08-30 15:24:52.056  INFO 12348 --- [RMI TCP Connection(9)-127.0.0.1] inMXBeanRegistrar$SpringApplicationAdmin : Application shutdown requested.
2020-08-30 15:24:52.058  INFO 12348 --- [RMI TCP Connection(9)-127.0.0.1] o.s.c.n.e.s.EurekaServiceRegistry        : Unregistering application SCW-USER with eureka with status DOWN
2020-08-30 15:24:52.058  WARN 12348 --- [RMI TCP Connection(9)-127.0.0.1] com.netflix.discovery.DiscoveryClient    : Saw local status change event StatusChangeEvent [timestamp=1598772292058, current=DOWN, previous=UP]
2020-08-30 15:24:52.058  INFO 12348 --- [DiscoveryClient-InstanceInfoReplicator-0] com.netflix.discovery.DiscoveryClient    : DiscoveryClient_SCW-USER/Archer:SCW-USER:7000: registering service...
2020-08-30 15:24:52.067  INFO 12348 --- [DiscoveryClient-InstanceInfoReplicator-0] com.netflix.discovery.DiscoveryClient    : DiscoveryClient_SCW-USER/Archer:SCW-USER:7000 - registration status: 204
2020-08-30 15:24:52.080  INFO 12348 --- [RMI TCP Connection(9)-127.0.0.1] o.s.s.concurrent.ThreadPoolTaskExecutor  : Shutting down ExecutorService 'applicationTaskExecutor'
2020-08-30 15:24:52.082  INFO 12348 --- [RMI TCP Connection(9)-127.0.0.1] com.netflix.discovery.DiscoveryClient    : Shutting down DiscoveryClient ...
2020-08-30 15:24:55.084  INFO 12348 --- [RMI TCP Connection(9)-127.0.0.1] com.netflix.discovery.DiscoveryClient    : Unregistering ...
2020-08-30 15:24:55.088  INFO 12348 --- [RMI TCP Connection(9)-127.0.0.1] com.netflix.discovery.DiscoveryClient    : DiscoveryClient_SCW-USER/Archer:SCW-USER:7000 - deregister  status: 200
2020-08-30 15:24:55.102  INFO 12348 --- [RMI TCP Connection(9)-127.0.0.1] com.netflix.discovery.DiscoveryClient    : Completed shut down of DiscoveryClient
2020-08-30 15:24:55.702  INFO 12348 --- [RMI TCP Connection(9)-127.0.0.1] o.apache.catalina.core.StandardService   : Stopping service [Tomcat]
2020-08-30 15:25:04.325  INFO 19320 --- [main] com.atguigu.scw.ScwUserApplication       : No active profile set, falling back to default profiles: default
2020-08-30 15:25:04.818  INFO 19320 --- [main] .s.d.r.c.RepositoryConfigurationDelegate : Multiple Spring Data modules found, entering strict repository configuration mode!
2020-08-30 15:25:04.820  INFO 19320 --- [main] .s.d.r.c.RepositoryConfigurationDelegate : Bootstrapping Spring Data Redis repositories in DEFAULT mode.
2020-08-30 15:25:04.839  INFO 19320 --- [main] .s.d.r.c.RepositoryConfigurationDelegate : Finished Spring Data repository scanning in 10ms. Found 0 Redis repository interfaces.
2020-08-30 15:25:05.010  WARN 19320 --- [main] o.m.s.mapper.ClassPathMapperScanner      : No MyBatis mapper was found in '[com.atguigu.scw.user.mapper]' package. Please check your configuration.
2020-08-30 15:25:05.073  INFO 19320 --- [main] o.s.cloud.context.scope.GenericScope     : BeanFactory id=36a8c4dd-df89-3dac-9d55-9b15b77e3d64
2020-08-30 15:25:05.516  INFO 19320 --- [main] o.s.b.w.embedded.tomcat.TomcatWebServer  : Tomcat initialized with port(s): 7000 (http)
2020-08-30 15:25:05.528  INFO 19320 --- [main] o.apache.catalina.core.StandardService   : Starting service [Tomcat]
2020-08-30 15:25:05.528  INFO 19320 --- [main] org.apache.catalina.core.StandardEngine  : Starting Servlet engine: [Apache Tomcat/9.0.37]
2020-08-30 15:25:05.689  INFO 19320 --- [main] o.a.c.c.C.[Tomcat].[localhost].[/]       : Initializing Spring embedded WebApplicationContext
2020-08-30 15:25:05.689  INFO 19320 --- [main] w.s.c.ServletWebServerApplicationContext : Root WebApplicationContext: initialization completed in 1339 ms
2020-08-30 15:25:05.959  WARN 19320 --- [main] c.n.c.sources.URLConfigurationSource     : No URLs will be polled as dynamic configuration sources.
2020-08-30 15:25:05.959  INFO 19320 --- [main] c.n.c.sources.URLConfigurationSource     : To enable URLs as dynamic configuration sources, define System property archaius.configurationSource.additionalUrls or make config.properties available on classpath.
2020-08-30 15:25:05.965  WARN 19320 --- [main] c.n.c.sources.URLConfigurationSource     : No URLs will be polled as dynamic configuration sources.
2020-08-30 15:25:05.965  INFO 19320 --- [main] c.n.c.sources.URLConfigurationSource     : To enable URLs as dynamic configuration sources, define System property archaius.configurationSource.additionalUrls or make config.properties available on classpath.
2020-08-30 15:25:06.284  INFO 19320 --- [main] o.s.s.concurrent.ThreadPoolTaskExecutor  : Initializing ExecutorService 'applicationTaskExecutor'
2020-08-30 15:25:08.142  INFO 19320 --- [main] DiscoveryClientOptionalArgsConfiguration : Eureka HTTP Client uses Jersey
2020-08-30 15:25:09.132  WARN 19320 --- [main] ockingLoadBalancerClientRibbonWarnLogger : You already have RibbonLoadBalancerClient on your classpath. It will be used by default. As Spring Cloud Ribbon is in maintenance mode. We recommend switching to BlockingLoadBalancerClient instead. In order to use it, set the value of `spring.cloud.loadbalancer.ribbon.enabled` to `false` or remove spring-cloud-starter-netflix-ribbon from your project.
2020-08-30 15:25:09.225  INFO 19320 --- [main] o.s.c.n.eureka.InstanceInfoFactory       : Setting initial instance status as: STARTING
2020-08-30 15:25:09.266  INFO 19320 --- [main] com.netflix.discovery.DiscoveryClient    : Initializing Eureka in region us-east-1
2020-08-30 15:25:10.048  INFO 19320 --- [main] c.n.d.provider.DiscoveryJerseyProvider   : Using JSON encoding codec LegacyJacksonJson
2020-08-30 15:25:10.049  INFO 19320 --- [main] c.n.d.provider.DiscoveryJerseyProvider   : Using JSON decoding codec LegacyJacksonJson
2020-08-30 15:25:10.151  INFO 19320 --- [main] c.n.d.provider.DiscoveryJerseyProvider   : Using XML encoding codec XStreamXml
2020-08-30 15:25:10.152  INFO 19320 --- [main] c.n.d.provider.DiscoveryJerseyProvider   : Using XML decoding codec XStreamXml
2020-08-30 15:25:10.333  INFO 19320 --- [main] c.n.d.s.r.aws.ConfigClusterResolver      : Resolving eureka endpoints via configuration
2020-08-30 15:25:10.790  INFO 19320 --- [main] com.netflix.discovery.DiscoveryClient    : Disable delta property : false
2020-08-30 15:25:10.790  INFO 19320 --- [main] com.netflix.discovery.DiscoveryClient    : Single vip registry refresh property : null
2020-08-30 15:25:10.790  INFO 19320 --- [main] com.netflix.discovery.DiscoveryClient    : Force full registry fetch : false
2020-08-30 15:25:10.790  INFO 19320 --- [main] com.netflix.discovery.DiscoveryClient    : Application is null : false
2020-08-30 15:25:10.790  INFO 19320 --- [main] com.netflix.discovery.DiscoveryClient    : Registered Applications size is zero : true
2020-08-30 15:25:10.790  INFO 19320 --- [main] com.netflix.discovery.DiscoveryClient    : Application version is -1: true
2020-08-30 15:25:10.790  INFO 19320 --- [main] com.netflix.discovery.DiscoveryClient    : Getting all instance registry info from the eureka server
2020-08-30 15:25:10.894  INFO 19320 --- [main] com.netflix.discovery.DiscoveryClient    : The response status is 200
2020-08-30 15:25:10.897  INFO 19320 --- [main] com.netflix.discovery.DiscoveryClient    : Starting heartbeat executor: renew interval is: 30
2020-08-30 15:25:10.899  INFO 19320 --- [main] c.n.discovery.InstanceInfoReplicator     : InstanceInfoReplicator onDemand update allowed rate per min is 4
2020-08-30 15:25:10.904  INFO 19320 --- [main] com.netflix.discovery.DiscoveryClient    : Discovery Client initialized at timestamp 1598772310902 with initial instances count: 0
2020-08-30 15:25:10.906  INFO 19320 --- [main] o.s.c.n.e.s.EurekaServiceRegistry        : Registering application SCW-USER with eureka with status UP
2020-08-30 15:25:10.907  INFO 19320 --- [main] com.netflix.discovery.DiscoveryClient    : Saw local status change event StatusChangeEvent [timestamp=1598772310907, current=UP, previous=STARTING]
2020-08-30 15:25:10.910  INFO 19320 --- [DiscoveryClient-InstanceInfoReplicator-0] com.netflix.discovery.DiscoveryClient    : DiscoveryClient_SCW-USER/Archer:SCW-USER:7000: registering service...
2020-08-30 15:25:10.960  INFO 19320 --- [main] o.s.b.w.embedded.tomcat.TomcatWebServer  : Tomcat started on port(s): 7000 (http) with context path ''
2020-08-30 15:25:10.961  INFO 19320 --- [main] .s.c.n.e.s.EurekaAutoServiceRegistration : Updating port to 7000
2020-08-30 15:25:10.989  INFO 19320 --- [DiscoveryClient-InstanceInfoReplicator-0] com.netflix.discovery.DiscoveryClient    : DiscoveryClient_SCW-USER/Archer:SCW-USER:7000 - registration status: 204
2020-08-30 15:25:11.787  INFO 19320 --- [main] com.atguigu.scw.ScwUserApplication       : Started ScwUserApplication in 9.798 seconds (JVM running for 11.042)
2020-08-30 15:25:40.897  INFO 19320 --- [DiscoveryClient-CacheRefreshExecutor-0] com.netflix.discovery.DiscoveryClient    : Disable delta property : false
2020-08-30 15:25:40.897  INFO 19320 --- [DiscoveryClient-CacheRefreshExecutor-0] com.netflix.discovery.DiscoveryClient    : Single vip registry refresh property : null
2020-08-30 15:25:40.897  INFO 19320 --- [DiscoveryClient-CacheRefreshExecutor-0] com.netflix.discovery.DiscoveryClient    : Force full registry fetch : false
2020-08-30 15:25:40.898  INFO 19320 --- [DiscoveryClient-CacheRefreshExecutor-0] com.netflix.discovery.DiscoveryClient    : Application is null : false
2020-08-30 15:25:40.898  INFO 19320 --- [DiscoveryClient-CacheRefreshExecutor-0] com.netflix.discovery.DiscoveryClient    : Registered Applications size is zero : true
2020-08-30 15:25:40.898  INFO 19320 --- [DiscoveryClient-CacheRefreshExecutor-0] com.netflix.discovery.DiscoveryClient    : Application version is -1: false
2020-08-30 15:25:40.898  INFO 19320 --- [DiscoveryClient-CacheRefreshExecutor-0] com.netflix.discovery.DiscoveryClient    : Getting all instance registry info from the eureka server
2020-08-30 15:25:40.927  INFO 19320 --- [DiscoveryClient-CacheRefreshExecutor-0] com.netflix.discovery.DiscoveryClient    : The response status is 200
2020-08-30 15:27:52.803  INFO 19320 --- [RMI TCP Connection(11)-127.0.0.1] inMXBeanRegistrar$SpringApplicationAdmin : Application shutdown requested.
2020-08-30 15:27:52.804  INFO 19320 --- [RMI TCP Connection(11)-127.0.0.1] o.s.c.n.e.s.EurekaServiceRegistry        : Unregistering application SCW-USER with eureka with status DOWN
2020-08-30 15:27:52.804  WARN 19320 --- [RMI TCP Connection(11)-127.0.0.1] com.netflix.discovery.DiscoveryClient    : Saw local status change event StatusChangeEvent [timestamp=1598772472804, current=DOWN, previous=UP]
2020-08-30 15:27:52.805  INFO 19320 --- [DiscoveryClient-InstanceInfoReplicator-0] com.netflix.discovery.DiscoveryClient    : DiscoveryClient_SCW-USER/Archer:SCW-USER:7000: registering service...
2020-08-30 15:27:52.812  INFO 19320 --- [DiscoveryClient-InstanceInfoReplicator-0] com.netflix.discovery.DiscoveryClient    : DiscoveryClient_SCW-USER/Archer:SCW-USER:7000 - registration status: 204
2020-08-30 15:27:52.827  INFO 19320 --- [RMI TCP Connection(11)-127.0.0.1] o.s.s.concurrent.ThreadPoolTaskExecutor  : Shutting down ExecutorService 'applicationTaskExecutor'
2020-08-30 15:27:52.831  INFO 19320 --- [RMI TCP Connection(11)-127.0.0.1] com.netflix.discovery.DiscoveryClient    : Shutting down DiscoveryClient ...
2020-08-30 15:27:55.834  INFO 19320 --- [RMI TCP Connection(11)-127.0.0.1] com.netflix.discovery.DiscoveryClient    : Unregistering ...
2020-08-30 15:27:55.838  INFO 19320 --- [RMI TCP Connection(11)-127.0.0.1] com.netflix.discovery.DiscoveryClient    : DiscoveryClient_SCW-USER/Archer:SCW-USER:7000 - deregister  status: 200
2020-08-30 15:27:55.850  INFO 19320 --- [RMI TCP Connection(11)-127.0.0.1] com.netflix.discovery.DiscoveryClient    : Completed shut down of DiscoveryClient
2020-08-30 15:27:56.450  INFO 19320 --- [RMI TCP Connection(11)-127.0.0.1] o.apache.catalina.core.StandardService   : Stopping service [Tomcat]
2020-08-30 15:29:46.553  INFO 18880 --- [main] com.atguigu.scw.ScwUserApplication       : No active profile set, falling back to default profiles: default
2020-08-30 15:29:47.090  INFO 18880 --- [main] .s.d.r.c.RepositoryConfigurationDelegate : Multiple Spring Data modules found, entering strict repository configuration mode!
2020-08-30 15:29:47.092  INFO 18880 --- [main] .s.d.r.c.RepositoryConfigurationDelegate : Bootstrapping Spring Data Redis repositories in DEFAULT mode.
2020-08-30 15:29:47.111  INFO 18880 --- [main] .s.d.r.c.RepositoryConfigurationDelegate : Finished Spring Data repository scanning in 8ms. Found 0 Redis repository interfaces.
2020-08-30 15:29:47.284  WARN 18880 --- [main] o.m.s.mapper.ClassPathMapperScanner      : No MyBatis mapper was found in '[com.atguigu.scw.user.mapper]' package. Please check your configuration.
2020-08-30 15:29:47.349  INFO 18880 --- [main] o.s.cloud.context.scope.GenericScope     : BeanFactory id=36a8c4dd-df89-3dac-9d55-9b15b77e3d64
2020-08-30 15:29:47.742  INFO 18880 --- [main] o.s.b.w.embedded.tomcat.TomcatWebServer  : Tomcat initialized with port(s): 7000 (http)
2020-08-30 15:29:47.749  INFO 18880 --- [main] o.apache.catalina.core.StandardService   : Starting service [Tomcat]
2020-08-30 15:29:47.749  INFO 18880 --- [main] org.apache.catalina.core.StandardEngine  : Starting Servlet engine: [Apache Tomcat/9.0.37]
2020-08-30 15:29:47.917  INFO 18880 --- [main] o.a.c.c.C.[Tomcat].[localhost].[/]       : Initializing Spring embedded WebApplicationContext
2020-08-30 15:29:47.917  INFO 18880 --- [main] w.s.c.ServletWebServerApplicationContext : Root WebApplicationContext: initialization completed in 1333 ms
2020-08-30 15:29:48.118  WARN 18880 --- [main] c.n.c.sources.URLConfigurationSource     : No URLs will be polled as dynamic configuration sources.
2020-08-30 15:29:48.119  INFO 18880 --- [main] c.n.c.sources.URLConfigurationSource     : To enable URLs as dynamic configuration sources, define System property archaius.configurationSource.additionalUrls or make config.properties available on classpath.
2020-08-30 15:29:48.125  WARN 18880 --- [main] c.n.c.sources.URLConfigurationSource     : No URLs will be polled as dynamic configuration sources.
2020-08-30 15:29:48.125  INFO 18880 --- [main] c.n.c.sources.URLConfigurationSource     : To enable URLs as dynamic configuration sources, define System property archaius.configurationSource.additionalUrls or make config.properties available on classpath.
2020-08-30 15:29:48.460  INFO 18880 --- [main] o.s.s.concurrent.ThreadPoolTaskExecutor  : Initializing ExecutorService 'applicationTaskExecutor'
2020-08-30 15:29:49.953  INFO 18880 --- [main] DiscoveryClientOptionalArgsConfiguration : Eureka HTTP Client uses Jersey
2020-08-30 15:29:51.039  WARN 18880 --- [main] ockingLoadBalancerClientRibbonWarnLogger : You already have RibbonLoadBalancerClient on your classpath. It will be used by default. As Spring Cloud Ribbon is in maintenance mode. We recommend switching to BlockingLoadBalancerClient instead. In order to use it, set the value of `spring.cloud.loadbalancer.ribbon.enabled` to `false` or remove spring-cloud-starter-netflix-ribbon from your project.
2020-08-30 15:29:51.179  INFO 18880 --- [main] o.s.c.n.eureka.InstanceInfoFactory       : Setting initial instance status as: STARTING
2020-08-30 15:29:51.221  INFO 18880 --- [main] com.netflix.discovery.DiscoveryClient    : Initializing Eureka in region us-east-1
2020-08-30 15:29:51.924  INFO 18880 --- [main] c.n.d.provider.DiscoveryJerseyProvider   : Using JSON encoding codec LegacyJacksonJson
2020-08-30 15:29:51.925  INFO 18880 --- [main] c.n.d.provider.DiscoveryJerseyProvider   : Using JSON decoding codec LegacyJacksonJson
2020-08-30 15:29:52.040  INFO 18880 --- [main] c.n.d.provider.DiscoveryJerseyProvider   : Using XML encoding codec XStreamXml
2020-08-30 15:29:52.040  INFO 18880 --- [main] c.n.d.provider.DiscoveryJerseyProvider   : Using XML decoding codec XStreamXml
2020-08-30 15:29:52.245  INFO 18880 --- [main] c.n.d.s.r.aws.ConfigClusterResolver      : Resolving eureka endpoints via configuration
2020-08-30 15:29:52.768  INFO 18880 --- [main] com.netflix.discovery.DiscoveryClient    : Disable delta property : false
2020-08-30 15:29:52.769  INFO 18880 --- [main] com.netflix.discovery.DiscoveryClient    : Single vip registry refresh property : null
2020-08-30 15:29:52.769  INFO 18880 --- [main] com.netflix.discovery.DiscoveryClient    : Force full registry fetch : false
2020-08-30 15:29:52.769  INFO 18880 --- [main] com.netflix.discovery.DiscoveryClient    : Application is null : false
2020-08-30 15:29:52.769  INFO 18880 --- [main] com.netflix.discovery.DiscoveryClient    : Registered Applications size is zero : true
2020-08-30 15:29:52.769  INFO 18880 --- [main] com.netflix.discovery.DiscoveryClient    : Application version is -1: true
2020-08-30 15:29:52.769  INFO 18880 --- [main] com.netflix.discovery.DiscoveryClient    : Getting all instance registry info from the eureka server
2020-08-30 15:29:52.924  INFO 18880 --- [main] com.netflix.discovery.DiscoveryClient    : The response status is 200
2020-08-30 15:29:52.927  INFO 18880 --- [main] com.netflix.discovery.DiscoveryClient    : Starting heartbeat executor: renew interval is: 30
2020-08-30 15:29:52.930  INFO 18880 --- [main] c.n.discovery.InstanceInfoReplicator     : InstanceInfoReplicator onDemand update allowed rate per min is 4
2020-08-30 15:29:52.933  INFO 18880 --- [main] com.netflix.discovery.DiscoveryClient    : Discovery Client initialized at timestamp 1598772592932 with initial instances count: 1
2020-08-30 15:29:52.935  INFO 18880 --- [main] o.s.c.n.e.s.EurekaServiceRegistry        : Registering application SCW-USER with eureka with status UP
2020-08-30 15:29:52.936  INFO 18880 --- [main] com.netflix.discovery.DiscoveryClient    : Saw local status change event StatusChangeEvent [timestamp=1598772592936, current=UP, previous=STARTING]
2020-08-30 15:29:52.939  INFO 18880 --- [DiscoveryClient-InstanceInfoReplicator-0] com.netflix.discovery.DiscoveryClient    : DiscoveryClient_SCW-USER/Archer:SCW-USER:7000: registering service...
2020-08-30 15:29:52.992  INFO 18880 --- [DiscoveryClient-InstanceInfoReplicator-0] com.netflix.discovery.DiscoveryClient    : DiscoveryClient_SCW-USER/Archer:SCW-USER:7000 - registration status: 204
2020-08-30 15:29:52.993  INFO 18880 --- [main] o.s.b.w.embedded.tomcat.TomcatWebServer  : Tomcat started on port(s): 7000 (http) with context path ''
2020-08-30 15:29:52.994  INFO 18880 --- [main] .s.c.n.e.s.EurekaAutoServiceRegistration : Updating port to 7000
2020-08-30 15:29:54.012  INFO 18880 --- [main] com.atguigu.scw.ScwUserApplication       : Started ScwUserApplication in 9.601 seconds (JVM running for 10.772)
2020-08-30 15:30:56.026  INFO 18880 --- [RMI TCP Connection(9)-127.0.0.1] inMXBeanRegistrar$SpringApplicationAdmin : Application shutdown requested.
2020-08-30 15:30:56.027  INFO 18880 --- [RMI TCP Connection(9)-127.0.0.1] o.s.c.n.e.s.EurekaServiceRegistry        : Unregistering application SCW-USER with eureka with status DOWN
2020-08-30 15:30:56.027  WARN 18880 --- [RMI TCP Connection(9)-127.0.0.1] com.netflix.discovery.DiscoveryClient    : Saw local status change event StatusChangeEvent [timestamp=1598772656027, current=DOWN, previous=UP]
2020-08-30 15:30:56.028  INFO 18880 --- [DiscoveryClient-InstanceInfoReplicator-0] com.netflix.discovery.DiscoveryClient    : DiscoveryClient_SCW-USER/Archer:SCW-USER:7000: registering service...
2020-08-30 15:30:56.034  INFO 18880 --- [DiscoveryClient-InstanceInfoReplicator-0] com.netflix.discovery.DiscoveryClient    : DiscoveryClient_SCW-USER/Archer:SCW-USER:7000 - registration status: 204
2020-08-30 15:30:56.048  INFO 18880 --- [RMI TCP Connection(9)-127.0.0.1] o.s.s.concurrent.ThreadPoolTaskExecutor  : Shutting down ExecutorService 'applicationTaskExecutor'
2020-08-30 15:30:56.050  INFO 18880 --- [RMI TCP Connection(9)-127.0.0.1] com.netflix.discovery.DiscoveryClient    : Shutting down DiscoveryClient ...
2020-08-30 15:30:59.054  INFO 18880 --- [RMI TCP Connection(9)-127.0.0.1] com.netflix.discovery.DiscoveryClient    : Unregistering ...
2020-08-30 15:30:59.060  INFO 18880 --- [RMI TCP Connection(9)-127.0.0.1] com.netflix.discovery.DiscoveryClient    : DiscoveryClient_SCW-USER/Archer:SCW-USER:7000 - deregister  status: 200
2020-08-30 15:30:59.073  INFO 18880 --- [RMI TCP Connection(9)-127.0.0.1] com.netflix.discovery.DiscoveryClient    : Completed shut down of DiscoveryClient
2020-08-30 15:30:59.664  INFO 18880 --- [RMI TCP Connection(9)-127.0.0.1] o.apache.catalina.core.StandardService   : Stopping service [Tomcat]
